2017-09-28 10:56:16,075 [http-bio-8081-exec-6] [com.taotao.mapper.TbItemCatMapper.selectByExample]-[DEBUG] ==> Parameters: 495(Long)
2017-09-28 10:56:16,077 [http-bio-8081-exec-6] [com.taotao.mapper.TbItemCatMapper.selectByExample]-[DEBUG] <==      Total: 12
2017-09-28 10:56:16,078 [http-bio-8081-exec-6] [org.mybatis.spring.SqlSessionUtils]-[DEBUG] Releasing transactional SqlSession [org.apache.ibatis.session.defaults.DefaultSqlSession@75dd68fb]
2017-09-28 10:56:16,078 [http-bio-8081-exec-6] [org.mybatis.spring.SqlSessionUtils]-[DEBUG] Fetched SqlSession [org.apache.ibatis.session.defaults.DefaultSqlSession@75dd68fb] from current transaction
2017-09-28 10:56:16,078 [http-bio-8081-exec-6] [com.taotao.mapper.TbItemCatMapper.selectByExample]-[DEBUG] ==>  Preparing: select id, parent_id, name, status, sort_order, is_parent, created, updated from tb_item_cat WHERE ( parent_id = ? ) 
2017-09-28 10:56:16,079 [http-bio-8081-exec-6] [com.taotao.mapper.TbItemCatMapper.selectByExample]-[DEBUG] ==> Parameters: 496(Long)
2017-09-28 10:56:16,092 [http-bio-8081-exec-6] [com.taotao.mapper.TbItemCatMapper.selectByExample]-[DEBUG] <==      Total: 6
2017-09-28 10:56:16,093 [http-bio-8081-exec-6] [org.mybatis.spring.SqlSessionUtils]-[DEBUG] Releasing transactional SqlSession [org.apache.ibatis.session.defaults.DefaultSqlSession@75dd68fb]
2017-09-28 10:56:16,093 [http-bio-8081-exec-6] [org.mybatis.spring.SqlSessionUtils]-[DEBUG] Fetched SqlSession [org.apache.ibatis.session.defaults.DefaultSqlSession@75dd68fb] from current transaction
2017-09-28 10:56:16,093 [http-bio-8081-exec-6] [com.taotao.mapper.TbItemCatMapper.selectByExample]-[DEBUG] ==>  Preparing: select id, parent_id, name, status, sort_order, is_parent, created, updated from tb_item_cat WHERE ( parent_id = ? ) 
2017-09-28 10:56:16,093 [http-bio-8081-exec-6] [com.taotao.mapper.TbItemCatMapper.selectByExample]-[DEBUG] ==> Parameters: 503(Long)
2017-09-28 10:56:16,099 [http-bio-8081-exec-6] [com.taotao.mapper.TbItemCatMapper.selectByExample]-[DEBUG] <==      Total: 5
2017-09-28 10:56:16,099 [http-bio-8081-exec-6] [org.mybatis.spring.SqlSessionUtils]-[DEBUG] Releasing transactional SqlSession [org.apache.ibatis.session.defaults.DefaultSqlSession@75dd68fb]
2017-09-28 10:56:16,099 [http-bio-8081-exec-6] [org.mybatis.spring.SqlSessionUtils]-[DEBUG] Fetched SqlSession [org.apache.ibatis.session.defaults.DefaultSqlSession@75dd68fb] from current transaction
2017-09-28 10:56:16,100 [http-bio-8081-exec-6] [com.taotao.mapper.TbItemCatMapper.selectByExample]-[DEBUG] ==>  Preparing: select id, parent_id, name, status, sort_order, is_parent, created, updated from tb_item_cat WHERE ( parent_id = ? ) 
2017-09-28 10:56:16,100 [http-bio-8081-exec-6] [com.taotao.mapper.TbItemCatMapper.selectByExample]-[DEBUG] ==> Parameters: 509(Long)
2017-09-28 10:56:16,106 [http-bio-8081-exec-6] [com.taotao.mapper.TbItemCatMapper.selectByExample]-[DEBUG] <==      Total: 2
2017-09-28 10:56:16,106 [http-bio-8081-exec-6] [org.mybatis.spring.SqlSessionUtils]-[DEBUG] Releasing transactional SqlSession [org.apache.ibatis.session.defaults.DefaultSqlSession@75dd68fb]
2017-09-28 10:56:16,106 [http-bio-8081-exec-6] [org.mybatis.spring.SqlSessionUtils]-[DEBUG] Fetched SqlSession [org.apache.ibatis.session.defaults.DefaultSqlSession@75dd68fb] from current transaction
2017-09-28 10:56:16,107 [http-bio-8081-exec-6] [com.taotao.mapper.TbItemCatMapper.selectByExample]-[DEBUG] ==>  Preparing: select id, parent_id, name, status, sort_order, is_parent, created, updated from tb_item_cat WHERE ( parent_id = ? ) 
2017-09-28 10:56:16,107 [http-bio-8081-exec-6] [com.taotao.mapper.TbItemCatMapper.selectByExample]-[DEBUG] ==> Parameters: 512(Long)
2017-09-28 10:56:16,109 [http-bio-8081-exec-6] [com.taotao.mapper.TbItemCatMapper.selectByExample]-[DEBUG] <==      Total: 3
2017-09-28 10:56:16,109 [http-bio-8081-exec-6] [org.mybatis.spring.SqlSessionUtils]-[DEBUG] Releasing transactional SqlSession [org.apache.ibatis.session.defaults.DefaultSqlSession@75dd68fb]
2017-09-28 10:56:16,109 [http-bio-8081-exec-6] [org.mybatis.spring.SqlSessionUtils]-[DEBUG] Fetched SqlSession [org.apache.ibatis.session.defaults.DefaultSqlSession@75dd68fb] from current transaction
2017-09-28 10:56:16,110 [http-bio-8081-exec-6] [com.taotao.mapper.TbItemCatMapper.selectByExample]-[DEBUG] ==>  Preparing: select id, parent_id, name, status, sort_order, is_parent, created, updated from tb_item_cat WHERE ( parent_id = ? ) 
2017-09-28 10:56:16,111 [http-bio-8081-exec-6] [com.taotao.mapper.TbItemCatMapper.selectByExample]-[DEBUG] ==> Parameters: 516(Long)
2017-09-28 10:56:16,112 [http-bio-8081-exec-6] [com.taotao.mapper.TbItemCatMapper.selectByExample]-[DEBUG] <==      Total: 3
2017-09-28 10:56:16,113 [http-bio-8081-exec-6] [org.mybatis.spring.SqlSessionUtils]-[DEBUG] Releasing transactional SqlSession [org.apache.ibatis.session.defaults.DefaultSqlSession@75dd68fb]
2017-09-28 10:56:16,113 [http-bio-8081-exec-6] [org.mybatis.spring.SqlSessionUtils]-[DEBUG] Fetched SqlSession [org.apache.ibatis.session.defaults.DefaultSqlSession@75dd68fb] from current transaction
2017-09-28 10:56:16,113 [http-bio-8081-exec-6] [com.taotao.mapper.TbItemCatMapper.selectByExample]-[DEBUG] ==>  Preparing: select id, parent_id, name, status, sort_order, is_parent, created, updated from tb_item_cat WHERE ( parent_id = ? ) 
2017-09-28 10:56:16,114 [http-bio-8081-exec-6] [com.taotao.mapper.TbItemCatMapper.selectByExample]-[DEBUG] ==> Parameters: 520(Long)
2017-09-28 10:56:16,116 [http-bio-8081-exec-6] [com.taotao.mapper.TbItemCatMapper.selectByExample]-[DEBUG] <==      Total: 4
2017-09-28 10:56:16,116 [http-bio-8081-exec-6] [org.mybatis.spring.SqlSessionUtils]-[DEBUG] Releasing transactional SqlSession [org.apache.ibatis.session.defaults.DefaultSqlSession@75dd68fb]
2017-09-28 10:56:16,117 [http-bio-8081-exec-6] [org.mybatis.spring.SqlSessionUtils]-[DEBUG] Fetched SqlSession [org.apache.ibatis.session.defaults.DefaultSqlSession@75dd68fb] from current transaction
2017-09-28 10:56:16,117 [http-bio-8081-exec-6] [com.taotao.mapper.TbItemCatMapper.selectByExample]-[DEBUG] ==>  Preparing: select id, parent_id, name, status, sort_order, is_parent, created, updated from tb_item_cat WHERE ( parent_id = ? ) 
2017-09-28 10:56:16,118 [http-bio-8081-exec-6] [com.taotao.mapper.TbItemCatMapper.selectByExample]-[DEBUG] ==> Parameters: 525(Long)
2017-09-28 10:56:16,119 [http-bio-8081-exec-6] [com.taotao.mapper.TbItemCatMapper.selectByExample]-[DEBUG] <==      Total: 3
2017-09-28 10:56:16,119 [http-bio-8081-exec-6] [org.mybatis.spring.SqlSessionUtils]-[DEBUG] Releasing transactional SqlSession [org.apache.ibatis.session.defaults.DefaultSqlSession@75dd68fb]
2017-09-28 10:56:16,119 [http-bio-8081-exec-6] [org.mybatis.spring.SqlSessionUtils]-[DEBUG] Fetched SqlSession [org.apache.ibatis.session.defaults.DefaultSqlSession@75dd68fb] from current transaction
2017-09-28 10:56:16,120 [http-bio-8081-exec-6] [com.taotao.mapper.TbItemCatMapper.selectByExample]-[DEBUG] ==>  Preparing: select id, parent_id, name, status, sort_order, is_parent, created, updated from tb_item_cat WHERE ( parent_id = ? ) 
2017-09-28 10:56:16,120 [http-bio-8081-exec-6] [com.taotao.mapper.TbItemCatMapper.selectByExample]-[DEBUG] ==> Parameters: 529(Long)
2017-09-28 10:56:16,122 [http-bio-8081-exec-6] [com.taotao.mapper.TbItemCatMapper.selectByExample]-[DEBUG] <==      Total: 4
2017-09-28 10:56:16,122 [http-bio-8081-exec-6] [org.mybatis.spring.SqlSessionUtils]-[DEBUG] Releasing transactional SqlSession [org.apache.ibatis.session.defaults.DefaultSqlSession@75dd68fb]
2017-09-28 10:56:16,122 [http-bio-8081-exec-6] [org.mybatis.spring.SqlSessionUtils]-[DEBUG] Fetched SqlSession [org.apache.ibatis.session.defaults.DefaultSqlSession@75dd68fb] from current transaction
2017-09-28 10:56:16,123 [http-bio-8081-exec-6] [com.taotao.mapper.TbItemCatMapper.selectByExample]-[DEBUG] ==>  Preparing: select id, parent_id, name, status, sort_order, is_parent, created, updated from tb_item_cat WHERE ( parent_id = ? ) 
2017-09-28 10:56:16,123 [http-bio-8081-exec-6] [com.taotao.mapper.TbItemCatMapper.selectByExample]-[DEBUG] ==> Parameters: 534(Long)
2017-09-28 10:56:16,125 [http-bio-8081-exec-6] [com.taotao.mapper.TbItemCatMapper.selectByExample]-[DEBUG] <==      Total: 4
2017-09-28 10:56:16,125 [http-bio-8081-exec-6] [org.mybatis.spring.SqlSessionUtils]-[DEBUG] Releasing transactional SqlSession [org.apache.ibatis.session.defaults.DefaultSqlSession@75dd68fb]
2017-09-28 10:56:16,125 [http-bio-8081-exec-6] [org.mybatis.spring.SqlSessionUtils]-[DEBUG] Fetched SqlSession [org.apache.ibatis.session.defaults.DefaultSqlSession@75dd68fb] from current transaction
2017-09-28 10:56:16,126 [http-bio-8081-exec-6] [com.taotao.mapper.TbItemCatMapper.selectByExample]-[DEBUG] ==>  Preparing: select id, parent_id, name, status, sort_order, is_parent, created, updated from tb_item_cat WHERE ( parent_id = ? ) 
2017-09-28 10:56:16,126 [http-bio-8081-exec-6] [com.taotao.mapper.TbItemCatMapper.selectByExample]-[DEBUG] ==> Parameters: 539(Long)
2017-09-28 10:56:16,128 [http-bio-8081-exec-6] [com.taotao.mapper.TbItemCatMapper.selectByExample]-[DEBUG] <==      Total: 3
2017-09-28 10:56:16,129 [http-bio-8081-exec-6] [org.mybatis.spring.SqlSessionUtils]-[DEBUG] Releasing transactional SqlSession [org.apache.ibatis.session.defaults.DefaultSqlSession@75dd68fb]
2017-09-28 10:56:16,129 [http-bio-8081-exec-6] [org.mybatis.spring.SqlSessionUtils]-[DEBUG] Fetched SqlSession [org.apache.ibatis.session.defaults.DefaultSqlSession@75dd68fb] from current transaction
2017-09-28 10:56:16,129 [http-bio-8081-exec-6] [com.taotao.mapper.TbItemCatMapper.selectByExample]-[DEBUG] ==>  Preparing: select id, parent_id, name, status, sort_order, is_parent, created, updated from tb_item_cat WHERE ( parent_id = ? ) 
2017-09-28 10:56:16,130 [http-bio-8081-exec-6] [com.taotao.mapper.TbItemCatMapper.selectByExample]-[DEBUG] ==> Parameters: 543(Long)
2017-09-28 10:56:16,132 [http-bio-8081-exec-6] [com.taotao.mapper.TbItemCatMapper.selectByExample]-[DEBUG] <==      Total: 2
2017-09-28 10:56:16,132 [http-bio-8081-exec-6] [org.mybatis.spring.SqlSessionUtils]-[DEBUG] Releasing transactional SqlSession [org.apache.ibatis.session.defaults.DefaultSqlSession@75dd68fb]
2017-09-28 10:56:16,132 [http-bio-8081-exec-6] [org.mybatis.spring.SqlSessionUtils]-[DEBUG] Fetched SqlSession [org.apache.ibatis.session.defaults.DefaultSqlSession@75dd68fb] from current transaction
2017-09-28 10:56:16,133 [http-bio-8081-exec-6] [com.taotao.mapper.TbItemCatMapper.selectByExample]-[DEBUG] ==>  Preparing: select id, parent_id, name, status, sort_order, is_parent, created, updated from tb_item_cat WHERE ( parent_id = ? ) 
2017-09-28 10:56:16,133 [http-bio-8081-exec-6] [com.taotao.mapper.TbItemCatMapper.selectByExample]-[DEBUG] ==> Parameters: 546(Long)
2017-09-28 10:56:16,135 [http-bio-8081-exec-6] [com.taotao.mapper.TbItemCatMapper.selectByExample]-[DEBUG] <==      Total: 11
2017-09-28 10:56:16,135 [http-bio-8081-exec-6] [org.mybatis.spring.SqlSessionUtils]-[DEBUG] Releasing transactional SqlSession [org.apache.ibatis.session.defaults.DefaultSqlSession@75dd68fb]
2017-09-28 10:56:16,135 [http-bio-8081-exec-6] [org.mybatis.spring.SqlSessionUtils]-[DEBUG] Fetched SqlSession [org.apache.ibatis.session.defaults.DefaultSqlSession@75dd68fb] from current transaction
2017-09-28 10:56:16,136 [http-bio-8081-exec-6] [com.taotao.mapper.TbItemCatMapper.selectByExample]-[DEBUG] ==>  Preparing: select id, parent_id, name, status, sort_order, is_parent, created, updated from tb_item_cat WHERE ( parent_id = ? ) 
2017-09-28 10:56:16,136 [http-bio-8081-exec-6] [com.taotao.mapper.TbItemCatMapper.selectByExample]-[DEBUG] ==> Parameters: 558(Long)
2017-09-28 10:56:16,142 [http-bio-8081-exec-6] [com.taotao.mapper.TbItemCatMapper.selectByExample]-[DEBUG] <==      Total: 3
2017-09-28 10:56:16,143 [http-bio-8081-exec-6] [org.mybatis.spring.SqlSessionUtils]-[DEBUG] Releasing transactional SqlSession [org.apache.ibatis.session.defaults.DefaultSqlSession@75dd68fb]
2017-09-28 10:56:16,143 [http-bio-8081-exec-6] [org.mybatis.spring.SqlSessionUtils]-[DEBUG] Fetched SqlSession [org.apache.ibatis.session.defaults.DefaultSqlSession@75dd68fb] from current transaction
2017-09-28 10:56:16,143 [http-bio-8081-exec-6] [com.taotao.mapper.TbItemCatMapper.selectByExample]-[DEBUG] ==>  Preparing: select id, parent_id, name, status, sort_order, is_parent, created, updated from tb_item_cat WHERE ( parent_id = ? ) 
2017-09-28 10:56:16,144 [http-bio-8081-exec-6] [com.taotao.mapper.TbItemCatMapper.selectByExample]-[DEBUG] ==> Parameters: 559(Long)
2017-09-28 10:56:16,148 [http-bio-8081-exec-6] [com.taotao.mapper.TbItemCatMapper.selectByExample]-[DEBUG] <==      Total: 2
2017-09-28 10:56:16,148 [http-bio-8081-exec-6] [org.mybatis.spring.SqlSessionUtils]-[DEBUG] Releasing transactional SqlSession [org.apache.ibatis.session.defaults.DefaultSqlSession@75dd68fb]
2017-09-28 10:56:16,148 [http-bio-8081-exec-6] [org.mybatis.spring.SqlSessionUtils]-[DEBUG] Fetched SqlSession [org.apache.ibatis.session.defaults.DefaultSqlSession@75dd68fb] from current transaction
2017-09-28 10:56:16,149 [http-bio-8081-exec-6] [com.taotao.mapper.TbItemCatMapper.selectByExample]-[DEBUG] ==>  Preparing: select id, parent_id, name, status, sort_order, is_parent, created, updated from tb_item_cat WHERE ( parent_id = ? ) 
2017-09-28 10:56:16,149 [http-bio-8081-exec-6] [com.taotao.mapper.TbItemCatMapper.selectByExample]-[DEBUG] ==> Parameters: 562(Long)
2017-09-28 10:56:16,151 [http-bio-8081-exec-6] [com.taotao.mapper.TbItemCatMapper.selectByExample]-[DEBUG] <==      Total: 4
2017-09-28 10:56:16,151 [http-bio-8081-exec-6] [org.mybatis.spring.SqlSessionUtils]-[DEBUG] Releasing transactional SqlSession [org.apache.ibatis.session.defaults.DefaultSqlSession@75dd68fb]
2017-09-28 10:56:16,151 [http-bio-8081-exec-6] [org.mybatis.spring.SqlSessionUtils]-[DEBUG] Fetched SqlSession [org.apache.ibatis.session.defaults.DefaultSqlSession@75dd68fb] from current transaction
2017-09-28 10:56:16,151 [http-bio-8081-exec-6] [com.taotao.mapper.TbItemCatMapper.selectByExample]-[DEBUG] ==>  Preparing: select id, parent_id, name, status, sort_order, is_parent, created, updated from tb_item_cat WHERE ( parent_id = ? ) 
2017-09-28 10:56:16,152 [http-bio-8081-exec-6] [com.taotao.mapper.TbItemCatMapper.selectByExample]-[DEBUG] ==> Parameters: 567(Long)
2017-09-28 10:56:16,154 [http-bio-8081-exec-6] [com.taotao.mapper.TbItemCatMapper.selectByExample]-[DEBUG] <==      Total: 12
2017-09-28 10:56:16,154 [http-bio-8081-exec-6] [org.mybatis.spring.SqlSessionUtils]-[DEBUG] Releasing transactional SqlSession [org.apache.ibatis.session.defaults.DefaultSqlSession@75dd68fb]
2017-09-28 10:56:16,154 [http-bio-8081-exec-6] [org.mybatis.spring.SqlSessionUtils]-[DEBUG] Fetched SqlSession [org.apache.ibatis.session.defaults.DefaultSqlSession@75dd68fb] from current transaction
2017-09-28 10:56:16,155 [http-bio-8081-exec-6] [com.taotao.mapper.TbItemCatMapper.selectByExample]-[DEBUG] ==>  Preparing: select id, parent_id, name, status, sort_order, is_parent, created, updated from tb_item_cat WHERE ( parent_id = ? ) 
2017-09-28 10:56:16,155 [http-bio-8081-exec-6] [com.taotao.mapper.TbItemCatMapper.selectByExample]-[DEBUG] ==> Parameters: 580(Long)
2017-09-28 10:56:16,157 [http-bio-8081-exec-6] [com.taotao.mapper.TbItemCatMapper.selectByExample]-[DEBUG] <==      Total: 5
2017-09-28 10:56:16,157 [http-bio-8081-exec-6] [org.mybatis.spring.SqlSessionUtils]-[DEBUG] Releasing transactional SqlSession [org.apache.ibatis.session.defaults.DefaultSqlSession@75dd68fb]
2017-09-28 10:56:16,157 [http-bio-8081-exec-6] [org.mybatis.spring.SqlSessionUtils]-[DEBUG] Fetched SqlSession [org.apache.ibatis.session.defaults.DefaultSqlSession@75dd68fb] from current transaction
2017-09-28 10:56:16,158 [http-bio-8081-exec-6] [com.taotao.mapper.TbItemCatMapper.selectByExample]-[DEBUG] ==>  Preparing: select id, parent_id, name, status, sort_order, is_parent, created, updated from tb_item_cat WHERE ( parent_id = ? ) 
2017-09-28 10:56:16,158 [http-bio-8081-exec-6] [com.taotao.mapper.TbItemCatMapper.selectByExample]-[DEBUG] ==> Parameters: 581(Long)
2017-09-28 10:56:16,161 [http-bio-8081-exec-6] [com.taotao.mapper.TbItemCatMapper.selectByExample]-[DEBUG] <==      Total: 9
2017-09-28 10:56:16,161 [http-bio-8081-exec-6] [org.mybatis.spring.SqlSessionUtils]-[DEBUG] Releasing transactional SqlSession [org.apache.ibatis.session.defaults.DefaultSqlSession@75dd68fb]
2017-09-28 10:56:16,161 [http-bio-8081-exec-6] [org.mybatis.spring.SqlSessionUtils]-[DEBUG] Fetched SqlSession [org.apache.ibatis.session.defaults.DefaultSqlSession@75dd68fb] from current transaction
2017-09-28 10:56:16,161 [http-bio-8081-exec-6] [com.taotao.mapper.TbItemCatMapper.selectByExample]-[DEBUG] ==>  Preparing: select id, parent_id, name, status, sort_order, is_parent, created, updated from tb_item_cat WHERE ( parent_id = ? ) 
2017-09-28 10:56:16,162 [http-bio-8081-exec-6] [com.taotao.mapper.TbItemCatMapper.selectByExample]-[DEBUG] ==> Parameters: 591(Long)
2017-09-28 10:56:16,167 [http-bio-8081-exec-6] [com.taotao.mapper.TbItemCatMapper.selectByExample]-[DEBUG] <==      Total: 12
2017-09-28 10:56:16,167 [http-bio-8081-exec-6] [org.mybatis.spring.SqlSessionUtils]-[DEBUG] Releasing transactional SqlSession [org.apache.ibatis.session.defaults.DefaultSqlSession@75dd68fb]
2017-09-28 10:56:16,167 [http-bio-8081-exec-6] [org.mybatis.spring.SqlSessionUtils]-[DEBUG] Fetched SqlSession [org.apache.ibatis.session.defaults.DefaultSqlSession@75dd68fb] from current transaction
2017-09-28 10:56:16,168 [http-bio-8081-exec-6] [com.taotao.mapper.TbItemCatMapper.selectByExample]-[DEBUG] ==>  Preparing: select id, parent_id, name, status, sort_order, is_parent, created, updated from tb_item_cat WHERE ( parent_id = ? ) 
2017-09-28 10:56:16,168 [http-bio-8081-exec-6] [com.taotao.mapper.TbItemCatMapper.selectByExample]-[DEBUG] ==> Parameters: 604(Long)
2017-09-28 10:56:16,171 [http-bio-8081-exec-6] [com.taotao.mapper.TbItemCatMapper.selectByExample]-[DEBUG] <==      Total: 9
2017-09-28 10:56:16,171 [http-bio-8081-exec-6] [org.mybatis.spring.SqlSessionUtils]-[DEBUG] Releasing transactional SqlSession [org.apache.ibatis.session.defaults.DefaultSqlSession@75dd68fb]
2017-09-28 10:56:16,172 [http-bio-8081-exec-6] [org.mybatis.spring.SqlSessionUtils]-[DEBUG] Fetched SqlSession [org.apache.ibatis.session.defaults.DefaultSqlSession@75dd68fb] from current transaction
2017-09-28 10:56:16,172 [http-bio-8081-exec-6] [com.taotao.mapper.TbItemCatMapper.selectByExample]-[DEBUG] ==>  Preparing: select id, parent_id, name, status, sort_order, is_parent, created, updated from tb_item_cat WHERE ( parent_id = ? ) 
2017-09-28 10:56:16,172 [http-bio-8081-exec-6] [com.taotao.mapper.TbItemCatMapper.selectByExample]-[DEBUG] ==> Parameters: 614(Long)
2017-09-28 10:56:16,174 [http-bio-8081-exec-6] [com.taotao.mapper.TbItemCatMapper.selectByExample]-[DEBUG] <==      Total: 10
2017-09-28 10:56:16,175 [http-bio-8081-exec-6] [org.mybatis.spring.SqlSessionUtils]-[DEBUG] Releasing transactional SqlSession [org.apache.ibatis.session.defaults.DefaultSqlSession@75dd68fb]
2017-09-28 10:56:16,175 [http-bio-8081-exec-6] [org.mybatis.spring.SqlSessionUtils]-[DEBUG] Fetched SqlSession [org.apache.ibatis.session.defaults.DefaultSqlSession@75dd68fb] from current transaction
2017-09-28 10:56:16,175 [http-bio-8081-exec-6] [com.taotao.mapper.TbItemCatMapper.selectByExample]-[DEBUG] ==>  Preparing: select id, parent_id, name, status, sort_order, is_parent, created, updated from tb_item_cat WHERE ( parent_id = ? ) 
2017-09-28 10:56:16,176 [http-bio-8081-exec-6] [com.taotao.mapper.TbItemCatMapper.selectByExample]-[DEBUG] ==> Parameters: 625(Long)
2017-09-28 10:56:16,178 [http-bio-8081-exec-6] [com.taotao.mapper.TbItemCatMapper.selectByExample]-[DEBUG] <==      Total: 7
2017-09-28 10:56:16,178 [http-bio-8081-exec-6] [org.mybatis.spring.SqlSessionUtils]-[DEBUG] Releasing transactional SqlSession [org.apache.ibatis.session.defaults.DefaultSqlSession@75dd68fb]
2017-09-28 10:56:16,178 [http-bio-8081-exec-6] [org.mybatis.spring.SqlSessionUtils]-[DEBUG] Fetched SqlSession [org.apache.ibatis.session.defaults.DefaultSqlSession@75dd68fb] from current transaction
2017-09-28 10:56:16,179 [http-bio-8081-exec-6] [com.taotao.mapper.TbItemCatMapper.selectByExample]-[DEBUG] ==>  Preparing: select id, parent_id, name, status, sort_order, is_parent, created, updated from tb_item_cat WHERE ( parent_id = ? ) 
2017-09-28 10:56:16,179 [http-bio-8081-exec-6] [com.taotao.mapper.TbItemCatMapper.selectByExample]-[DEBUG] ==> Parameters: 633(Long)
2017-09-28 10:56:16,181 [http-bio-8081-exec-6] [com.taotao.mapper.TbItemCatMapper.selectByExample]-[DEBUG] <==      Total: 6
2017-09-28 10:56:16,181 [http-bio-8081-exec-6] [org.mybatis.spring.SqlSessionUtils]-[DEBUG] Releasing transactional SqlSession [org.apache.ibatis.session.defaults.DefaultSqlSession@75dd68fb]
2017-09-28 10:56:16,181 [http-bio-8081-exec-6] [org.mybatis.spring.SqlSessionUtils]-[DEBUG] Fetched SqlSession [org.apache.ibatis.session.defaults.DefaultSqlSession@75dd68fb] from current transaction
2017-09-28 10:56:16,182 [http-bio-8081-exec-6] [com.taotao.mapper.TbItemCatMapper.selectByExample]-[DEBUG] ==>  Preparing: select id, parent_id, name, status, sort_order, is_parent, created, updated from tb_item_cat WHERE ( parent_id = ? ) 
2017-09-28 10:56:16,182 [http-bio-8081-exec-6] [com.taotao.mapper.TbItemCatMapper.selectByExample]-[DEBUG] ==> Parameters: 634(Long)
2017-09-28 10:56:16,184 [http-bio-8081-exec-6] [com.taotao.mapper.TbItemCatMapper.selectByExample]-[DEBUG] <==      Total: 13
2017-09-28 10:56:16,185 [http-bio-8081-exec-6] [org.mybatis.spring.SqlSessionUtils]-[DEBUG] Releasing transactional SqlSession [org.apache.ibatis.session.defaults.DefaultSqlSession@75dd68fb]
2017-09-28 10:56:16,185 [http-bio-8081-exec-6] [org.mybatis.spring.SqlSessionUtils]-[DEBUG] Fetched SqlSession [org.apache.ibatis.session.defaults.DefaultSqlSession@75dd68fb] from current transaction
2017-09-28 10:56:16,185 [http-bio-8081-exec-6] [com.taotao.mapper.TbItemCatMapper.selectByExample]-[DEBUG] ==>  Preparing: select id, parent_id, name, status, sort_order, is_parent, created, updated from tb_item_cat WHERE ( parent_id = ? ) 
2017-09-28 10:56:16,186 [http-bio-8081-exec-6] [com.taotao.mapper.TbItemCatMapper.selectByExample]-[DEBUG] ==> Parameters: 648(Long)
2017-09-28 10:56:16,188 [http-bio-8081-exec-6] [com.taotao.mapper.TbItemCatMapper.selectByExample]-[DEBUG] <==      Total: 11
2017-09-28 10:56:16,188 [http-bio-8081-exec-6] [org.mybatis.spring.SqlSessionUtils]-[DEBUG] Releasing transactional SqlSession [org.apache.ibatis.session.defaults.DefaultSqlSession@75dd68fb]
2017-09-28 10:56:16,188 [http-bio-8081-exec-6] [org.mybatis.spring.SqlSessionUtils]-[DEBUG] Fetched SqlSession [org.apache.ibatis.session.defaults.DefaultSqlSession@75dd68fb] from current transaction
2017-09-28 10:56:16,189 [http-bio-8081-exec-6] [com.taotao.mapper.TbItemCatMapper.selectByExample]-[DEBUG] ==>  Preparing: select id, parent_id, name, status, sort_order, is_parent, created, updated from tb_item_cat WHERE ( parent_id = ? ) 
2017-09-28 10:56:16,190 [http-bio-8081-exec-6] [com.taotao.mapper.TbItemCatMapper.selectByExample]-[DEBUG] ==> Parameters: 660(Long)
2017-09-28 10:56:16,191 [http-bio-8081-exec-6] [com.taotao.mapper.TbItemCatMapper.selectByExample]-[DEBUG] <==      Total: 6
2017-09-28 10:56:16,192 [http-bio-8081-exec-6] [org.mybatis.spring.SqlSessionUtils]-[DEBUG] Releasing transactional SqlSession [org.apache.ibatis.session.defaults.DefaultSqlSession@75dd68fb]
2017-09-28 10:56:16,192 [http-bio-8081-exec-6] [org.mybatis.spring.SqlSessionUtils]-[DEBUG] Fetched SqlSession [org.apache.ibatis.session.defaults.DefaultSqlSession@75dd68fb] from current transaction
2017-09-28 10:56:16,192 [http-bio-8081-exec-6] [com.taotao.mapper.TbItemCatMapper.selectByExample]-[DEBUG] ==>  Preparing: select id, parent_id, name, status, sort_order, is_parent, created, updated from tb_item_cat WHERE ( parent_id = ? ) 
2017-09-28 10:56:16,193 [http-bio-8081-exec-6] [com.taotao.mapper.TbItemCatMapper.selectByExample]-[DEBUG] ==> Parameters: 667(Long)
2017-09-28 10:56:16,195 [http-bio-8081-exec-6] [com.taotao.mapper.TbItemCatMapper.selectByExample]-[DEBUG] <==      Total: 15
2017-09-28 10:56:16,195 [http-bio-8081-exec-6] [org.mybatis.spring.SqlSessionUtils]-[DEBUG] Releasing transactional SqlSession [org.apache.ibatis.session.defaults.DefaultSqlSession@75dd68fb]
2017-09-28 10:56:16,196 [http-bio-8081-exec-6] [org.mybatis.spring.SqlSessionUtils]-[DEBUG] Fetched SqlSession [org.apache.ibatis.session.defaults.DefaultSqlSession@75dd68fb] from current transaction
2017-09-28 10:56:16,196 [http-bio-8081-exec-6] [com.taotao.mapper.TbItemCatMapper.selectByExample]-[DEBUG] ==>  Preparing: select id, parent_id, name, status, sort_order, is_parent, created, updated from tb_item_cat WHERE ( parent_id = ? ) 
2017-09-28 10:56:16,197 [http-bio-8081-exec-6] [com.taotao.mapper.TbItemCatMapper.selectByExample]-[DEBUG] ==> Parameters: 683(Long)
2017-09-28 10:56:16,199 [http-bio-8081-exec-6] [com.taotao.mapper.TbItemCatMapper.selectByExample]-[DEBUG] <==      Total: 7
2017-09-28 10:56:16,199 [http-bio-8081-exec-6] [org.mybatis.spring.SqlSessionUtils]-[DEBUG] Releasing transactional SqlSession [org.apache.ibatis.session.defaults.DefaultSqlSession@75dd68fb]
2017-09-28 10:56:16,199 [http-bio-8081-exec-6] [org.mybatis.spring.SqlSessionUtils]-[DEBUG] Fetched SqlSession [org.apache.ibatis.session.defaults.DefaultSqlSession@75dd68fb] from current transaction
2017-09-28 10:56:16,199 [http-bio-8081-exec-6] [com.taotao.mapper.TbItemCatMapper.selectByExample]-[DEBUG] ==>  Preparing: select id, parent_id, name, status, sort_order, is_parent, created, updated from tb_item_cat WHERE ( parent_id = ? ) 
2017-09-28 10:56:16,200 [http-bio-8081-exec-6] [com.taotao.mapper.TbItemCatMapper.selectByExample]-[DEBUG] ==> Parameters: 691(Long)
2017-09-28 10:56:16,202 [http-bio-8081-exec-6] [com.taotao.mapper.TbItemCatMapper.selectByExample]-[DEBUG] <==      Total: 7
2017-09-28 10:56:16,203 [http-bio-8081-exec-6] [org.mybatis.spring.SqlSessionUtils]-[DEBUG] Releasing transactional SqlSession [org.apache.ibatis.session.defaults.DefaultSqlSession@75dd68fb]
2017-09-28 10:56:16,203 [http-bio-8081-exec-6] [org.mybatis.spring.SqlSessionUtils]-[DEBUG] Fetched SqlSession [org.apache.ibatis.session.defaults.DefaultSqlSession@75dd68fb] from current transaction
2017-09-28 10:56:16,203 [http-bio-8081-exec-6] [com.taotao.mapper.TbItemCatMapper.selectByExample]-[DEBUG] ==>  Preparing: select id, parent_id, name, status, sort_order, is_parent, created, updated from tb_item_cat WHERE ( parent_id = ? ) 
2017-09-28 10:56:16,204 [http-bio-8081-exec-6] [com.taotao.mapper.TbItemCatMapper.selectByExample]-[DEBUG] ==> Parameters: 699(Long)
2017-09-28 10:56:16,212 [http-bio-8081-exec-6] [com.taotao.mapper.TbItemCatMapper.selectByExample]-[DEBUG] <==      Total: 6
2017-09-28 10:56:16,212 [http-bio-8081-exec-6] [org.mybatis.spring.SqlSessionUtils]-[DEBUG] Releasing transactional SqlSession [org.apache.ibatis.session.defaults.DefaultSqlSession@75dd68fb]
2017-09-28 10:56:16,212 [http-bio-8081-exec-6] [org.mybatis.spring.SqlSessionUtils]-[DEBUG] Fetched SqlSession [org.apache.ibatis.session.defaults.DefaultSqlSession@75dd68fb] from current transaction
2017-09-28 10:56:16,213 [http-bio-8081-exec-6] [com.taotao.mapper.TbItemCatMapper.selectByExample]-[DEBUG] ==>  Preparing: select id, parent_id, name, status, sort_order, is_parent, created, updated from tb_item_cat WHERE ( parent_id = ? ) 
2017-09-28 10:56:16,213 [http-bio-8081-exec-6] [com.taotao.mapper.TbItemCatMapper.selectByExample]-[DEBUG] ==> Parameters: 700(Long)
2017-09-28 10:56:16,215 [http-bio-8081-exec-6] [com.taotao.mapper.TbItemCatMapper.selectByExample]-[DEBUG] <==      Total: 10
2017-09-28 10:56:16,216 [http-bio-8081-exec-6] [org.mybatis.spring.SqlSessionUtils]-[DEBUG] Releasing transactional SqlSession [org.apache.ibatis.session.defaults.DefaultSqlSession@75dd68fb]
2017-09-28 10:56:16,216 [http-bio-8081-exec-6] [org.mybatis.spring.SqlSessionUtils]-[DEBUG] Fetched SqlSession [org.apache.ibatis.session.defaults.DefaultSqlSession@75dd68fb] from current transaction
2017-09-28 10:56:16,216 [http-bio-8081-exec-6] [com.taotao.mapper.TbItemCatMapper.selectByExample]-[DEBUG] ==>  Preparing: select id, parent_id, name, status, sort_order, is_parent, created, updated from tb_item_cat WHERE ( parent_id = ? ) 
2017-09-28 10:56:16,217 [http-bio-8081-exec-6] [com.taotao.mapper.TbItemCatMapper.selectByExample]-[DEBUG] ==> Parameters: 711(Long)
2017-09-28 10:56:16,219 [http-bio-8081-exec-6] [com.taotao.mapper.TbItemCatMapper.selectByExample]-[DEBUG] <==      Total: 6
2017-09-28 10:56:16,220 [http-bio-8081-exec-6] [org.mybatis.spring.SqlSessionUtils]-[DEBUG] Releasing transactional SqlSession [org.apache.ibatis.session.defaults.DefaultSqlSession@75dd68fb]
2017-09-28 10:56:16,220 [http-bio-8081-exec-6] [org.mybatis.spring.SqlSessionUtils]-[DEBUG] Fetched SqlSession [org.apache.ibatis.session.defaults.DefaultSqlSession@75dd68fb] from current transaction
2017-09-28 10:56:16,220 [http-bio-8081-exec-6] [com.taotao.mapper.TbItemCatMapper.selectByExample]-[DEBUG] ==>  Preparing: select id, parent_id, name, status, sort_order, is_parent, created, updated from tb_item_cat WHERE ( parent_id = ? ) 
2017-09-28 10:56:16,220 [http-bio-8081-exec-6] [com.taotao.mapper.TbItemCatMapper.selectByExample]-[DEBUG] ==> Parameters: 718(Long)
2017-09-28 10:56:16,222 [http-bio-8081-exec-6] [com.taotao.mapper.TbItemCatMapper.selectByExample]-[DEBUG] <==      Total: 5
2017-09-28 10:56:16,222 [http-bio-8081-exec-6] [org.mybatis.spring.SqlSessionUtils]-[DEBUG] Releasing transactional SqlSession [org.apache.ibatis.session.defaults.DefaultSqlSession@75dd68fb]
2017-09-28 10:56:16,222 [http-bio-8081-exec-6] [org.mybatis.spring.SqlSessionUtils]-[DEBUG] Fetched SqlSession [org.apache.ibatis.session.defaults.DefaultSqlSession@75dd68fb] from current transaction
2017-09-28 10:56:16,223 [http-bio-8081-exec-6] [com.taotao.mapper.TbItemCatMapper.selectByExample]-[DEBUG] ==>  Preparing: select id, parent_id, name, status, sort_order, is_parent, created, updated from tb_item_cat WHERE ( parent_id = ? ) 
2017-09-28 10:56:16,223 [http-bio-8081-exec-6] [com.taotao.mapper.TbItemCatMapper.selectByExample]-[DEBUG] ==> Parameters: 724(Long)
2017-09-28 10:56:16,225 [http-bio-8081-exec-6] [com.taotao.mapper.TbItemCatMapper.selectByExample]-[DEBUG] <==      Total: 8
2017-09-28 10:56:16,225 [http-bio-8081-exec-6] [org.mybatis.spring.SqlSessionUtils]-[DEBUG] Releasing transactional SqlSession [org.apache.ibatis.session.defaults.DefaultSqlSession@75dd68fb]
2017-09-28 10:56:16,225 [http-bio-8081-exec-6] [org.mybatis.spring.SqlSessionUtils]-[DEBUG] Fetched SqlSession [org.apache.ibatis.session.defaults.DefaultSqlSession@75dd68fb] from current transaction
2017-09-28 10:56:16,226 [http-bio-8081-exec-6] [com.taotao.mapper.TbItemCatMapper.selectByExample]-[DEBUG] ==>  Preparing: select id, parent_id, name, status, sort_order, is_parent, created, updated from tb_item_cat WHERE ( parent_id = ? ) 
2017-09-28 10:56:16,226 [http-bio-8081-exec-6] [com.taotao.mapper.TbItemCatMapper.selectByExample]-[DEBUG] ==> Parameters: 733(Long)
2017-09-28 10:56:16,230 [http-bio-8081-exec-6] [com.taotao.mapper.TbItemCatMapper.selectByExample]-[DEBUG] <==      Total: 5
2017-09-28 10:56:16,230 [http-bio-8081-exec-6] [org.mybatis.spring.SqlSessionUtils]-[DEBUG] Releasing transactional SqlSession [org.apache.ibatis.session.defaults.DefaultSqlSession@75dd68fb]
2017-09-28 10:56:16,230 [http-bio-8081-exec-6] [org.mybatis.spring.SqlSessionUtils]-[DEBUG] Fetched SqlSession [org.apache.ibatis.session.defaults.DefaultSqlSession@75dd68fb] from current transaction
2017-09-28 10:56:16,231 [http-bio-8081-exec-6] [com.taotao.mapper.TbItemCatMapper.selectByExample]-[DEBUG] ==>  Preparing: select id, parent_id, name, status, sort_order, is_parent, created, updated from tb_item_cat WHERE ( parent_id = ? ) 
2017-09-28 10:56:16,231 [http-bio-8081-exec-6] [com.taotao.mapper.TbItemCatMapper.selectByExample]-[DEBUG] ==> Parameters: 739(Long)
2017-09-28 10:56:16,233 [http-bio-8081-exec-6] [com.taotao.mapper.TbItemCatMapper.selectByExample]-[DEBUG] <==      Total: 9
2017-09-28 10:56:16,233 [http-bio-8081-exec-6] [org.mybatis.spring.SqlSessionUtils]-[DEBUG] Releasing transactional SqlSession [org.apache.ibatis.session.defaults.DefaultSqlSession@75dd68fb]
2017-09-28 10:56:16,233 [http-bio-8081-exec-6] [org.mybatis.spring.SqlSessionUtils]-[DEBUG] Fetched SqlSession [org.apache.ibatis.session.defaults.DefaultSqlSession@75dd68fb] from current transaction
2017-09-28 10:56:16,234 [http-bio-8081-exec-6] [com.taotao.mapper.TbItemCatMapper.selectByExample]-[DEBUG] ==>  Preparing: select id, parent_id, name, status, sort_order, is_parent, created, updated from tb_item_cat WHERE ( parent_id = ? ) 
2017-09-28 10:56:16,234 [http-bio-8081-exec-6] [com.taotao.mapper.TbItemCatMapper.selectByExample]-[DEBUG] ==> Parameters: 749(Long)
2017-09-28 10:56:16,235 [http-bio-8081-exec-6] [com.taotao.mapper.TbItemCatMapper.selectByExample]-[DEBUG] <==      Total: 4
2017-09-28 10:56:16,236 [http-bio-8081-exec-6] [org.mybatis.spring.SqlSessionUtils]-[DEBUG] Releasing transactional SqlSession [org.apache.ibatis.session.defaults.DefaultSqlSession@75dd68fb]
2017-09-28 10:56:16,236 [http-bio-8081-exec-6] [org.mybatis.spring.SqlSessionUtils]-[DEBUG] Fetched SqlSession [org.apache.ibatis.session.defaults.DefaultSqlSession@75dd68fb] from current transaction
2017-09-28 10:56:16,236 [http-bio-8081-exec-6] [com.taotao.mapper.TbItemCatMapper.selectByExample]-[DEBUG] ==>  Preparing: select id, parent_id, name, status, sort_order, is_parent, created, updated from tb_item_cat WHERE ( parent_id = ? ) 
2017-09-28 10:56:16,236 [http-bio-8081-exec-6] [com.taotao.mapper.TbItemCatMapper.selectByExample]-[DEBUG] ==> Parameters: 750(Long)
2017-09-28 10:56:16,239 [http-bio-8081-exec-6] [com.taotao.mapper.TbItemCatMapper.selectByExample]-[DEBUG] <==      Total: 33
2017-09-28 10:56:16,239 [http-bio-8081-exec-6] [org.mybatis.spring.SqlSessionUtils]-[DEBUG] Releasing transactional SqlSession [org.apache.ibatis.session.defaults.DefaultSqlSession@75dd68fb]
2017-09-28 10:56:16,240 [http-bio-8081-exec-6] [org.mybatis.spring.SqlSessionUtils]-[DEBUG] Fetched SqlSession [org.apache.ibatis.session.defaults.DefaultSqlSession@75dd68fb] from current transaction
2017-09-28 10:56:16,240 [http-bio-8081-exec-6] [com.taotao.mapper.TbItemCatMapper.selectByExample]-[DEBUG] ==>  Preparing: select id, parent_id, name, status, sort_order, is_parent, created, updated from tb_item_cat WHERE ( parent_id = ? ) 
2017-09-28 10:56:16,240 [http-bio-8081-exec-6] [com.taotao.mapper.TbItemCatMapper.selectByExample]-[DEBUG] ==> Parameters: 784(Long)
2017-09-28 10:56:16,244 [http-bio-8081-exec-6] [com.taotao.mapper.TbItemCatMapper.selectByExample]-[DEBUG] <==      Total: 28
2017-09-28 10:56:16,244 [http-bio-8081-exec-6] [org.mybatis.spring.SqlSessionUtils]-[DEBUG] Releasing transactional SqlSession [org.apache.ibatis.session.defaults.DefaultSqlSession@75dd68fb]
2017-09-28 10:56:16,244 [http-bio-8081-exec-6] [org.mybatis.spring.SqlSessionUtils]-[DEBUG] Fetched SqlSession [org.apache.ibatis.session.defaults.DefaultSqlSession@75dd68fb] from current transaction
2017-09-28 10:56:16,245 [http-bio-8081-exec-6] [com.taotao.mapper.TbItemCatMapper.selectByExample]-[DEBUG] ==>  Preparing: select id, parent_id, name, status, sort_order, is_parent, created, updated from tb_item_cat WHERE ( parent_id = ? ) 
2017-09-28 10:56:16,245 [http-bio-8081-exec-6] [com.taotao.mapper.TbItemCatMapper.selectByExample]-[DEBUG] ==> Parameters: 813(Long)
2017-09-28 10:56:16,248 [http-bio-8081-exec-6] [com.taotao.mapper.TbItemCatMapper.selectByExample]-[DEBUG] <==      Total: 22
2017-09-28 10:56:16,248 [http-bio-8081-exec-6] [org.mybatis.spring.SqlSessionUtils]-[DEBUG] Releasing transactional SqlSession [org.apache.ibatis.session.defaults.DefaultSqlSession@75dd68fb]
2017-09-28 10:56:16,248 [http-bio-8081-exec-6] [org.mybatis.spring.SqlSessionUtils]-[DEBUG] Fetched SqlSession [org.apache.ibatis.session.defaults.DefaultSqlSession@75dd68fb] from current transaction
2017-09-28 10:56:16,249 [http-bio-8081-exec-6] [com.taotao.mapper.TbItemCatMapper.selectByExample]-[DEBUG] ==>  Preparing: select id, parent_id, name, status, sort_order, is_parent, created, updated from tb_item_cat WHERE ( parent_id = ? ) 
2017-09-28 10:56:16,249 [http-bio-8081-exec-6] [com.taotao.mapper.TbItemCatMapper.selectByExample]-[DEBUG] ==> Parameters: 836(Long)
2017-09-28 10:56:16,252 [http-bio-8081-exec-6] [com.taotao.mapper.TbItemCatMapper.selectByExample]-[DEBUG] <==      Total: 28
2017-09-28 10:56:16,252 [http-bio-8081-exec-6] [org.mybatis.spring.SqlSessionUtils]-[DEBUG] Releasing transactional SqlSession [org.apache.ibatis.session.defaults.DefaultSqlSession@75dd68fb]
2017-09-28 10:56:16,252 [http-bio-8081-exec-6] [org.mybatis.spring.SqlSessionUtils]-[DEBUG] Transaction synchronization deregistering SqlSession [org.apache.ibatis.session.defaults.DefaultSqlSession@75dd68fb]
2017-09-28 10:56:16,252 [http-bio-8081-exec-6] [org.mybatis.spring.SqlSessionUtils]-[DEBUG] Transaction synchronization closing SqlSession [org.apache.ibatis.session.defaults.DefaultSqlSession@75dd68fb]
2017-09-28 10:56:16,252 [http-bio-8081-exec-6] [org.springframework.jdbc.datasource.DataSourceUtils]-[DEBUG] Returning JDBC Connection to DataSource
2017-09-28 10:56:16,256 [http-bio-8081-exec-6] [org.springframework.web.servlet.mvc.method.annotation.ResponseBodyAdviceChain]-[DEBUG] Invoking ResponseBodyAdvice chain for body=org.springframework.http.converter.json.MappingJacksonValue@54917e16
2017-09-28 10:56:16,256 [http-bio-8081-exec-6] [org.springframework.web.servlet.mvc.method.annotation.ResponseBodyAdviceChain]-[DEBUG] After ResponseBodyAdvice chain body=org.springframework.http.converter.json.MappingJacksonValue@54917e16
2017-09-28 10:56:16,270 [http-bio-8081-exec-6] [org.springframework.web.servlet.mvc.method.annotation.RequestResponseBodyMethodProcessor]-[DEBUG] Written [org.springframework.http.converter.json.MappingJacksonValue@54917e16] as "application/json;charset=UTF-8" using [org.springframework.http.converter.json.MappingJackson2HttpMessageConverter@6d863e9a]
2017-09-28 10:56:16,270 [http-bio-8081-exec-6] [org.springframework.web.servlet.DispatcherServlet]-[DEBUG] Null ModelAndView returned to DispatcherServlet with name 'taotao-manager': assuming HandlerAdapter completed request handling
2017-09-28 10:56:16,270 [http-bio-8081-exec-6] [org.springframework.web.servlet.DispatcherServlet]-[DEBUG] Successfully completed request
2017-09-28 10:56:27,960 [http-bio-8081-exec-8] [org.springframework.web.servlet.DispatcherServlet]-[DEBUG] DispatcherServlet with name 'taotao-manager' processing GET request for [/rest/item/info/150461016900930]
2017-09-28 10:56:27,960 [http-bio-8081-exec-8] [org.springframework.web.servlet.mvc.method.annotation.RequestMappingHandlerMapping]-[DEBUG] Looking up handler method for path /item/info/150461016900930
2017-09-28 10:56:27,960 [http-bio-8081-exec-8] [org.springframework.web.servlet.mvc.method.annotation.RequestMappingHandlerMapping]-[DEBUG] Returning handler method [public com.taotao.common.utils.TaotaoResult com.taotao.rest.controller.ItemController.getItemBaseInfo(java.lang.Long)]
2017-09-28 10:56:27,961 [http-bio-8081-exec-8] [org.springframework.beans.factory.support.DefaultListableBeanFactory]-[DEBUG] Returning cached instance of singleton bean 'itemController'
2017-09-28 10:56:27,961 [http-bio-8081-exec-8] [org.springframework.web.servlet.DispatcherServlet]-[DEBUG] Last-Modified value for [/rest/item/info/150461016900930] is: -1
2017-09-28 10:56:27,964 [http-bio-8081-exec-8] [org.springframework.web.servlet.mvc.method.annotation.ResponseBodyAdviceChain]-[DEBUG] Invoking ResponseBodyAdvice chain for body=com.taotao.common.utils.TaotaoResult@601208d4
2017-09-28 10:56:27,964 [http-bio-8081-exec-8] [org.springframework.web.servlet.mvc.method.annotation.ResponseBodyAdviceChain]-[DEBUG] After ResponseBodyAdvice chain body=com.taotao.common.utils.TaotaoResult@601208d4
2017-09-28 10:56:27,964 [http-bio-8081-exec-8] [org.springframework.web.servlet.mvc.method.annotation.RequestResponseBodyMethodProcessor]-[DEBUG] Written [com.taotao.common.utils.TaotaoResult@601208d4] as "application/json;charset=UTF-8" using [org.springframework.http.converter.json.MappingJackson2HttpMessageConverter@6d863e9a]
2017-09-28 10:56:27,965 [http-bio-8081-exec-8] [org.springframework.web.servlet.DispatcherServlet]-[DEBUG] Null ModelAndView returned to DispatcherServlet with name 'taotao-manager': assuming HandlerAdapter completed request handling
2017-09-28 10:56:27,965 [http-bio-8081-exec-8] [org.springframework.web.servlet.DispatcherServlet]-[DEBUG] Successfully completed request
2017-09-28 10:56:29,719 [http-bio-8081-exec-9] [org.springframework.web.servlet.DispatcherServlet]-[DEBUG] DispatcherServlet with name 'taotao-manager' processing GET request for [/rest/item/desc/150461016900930]
2017-09-28 10:56:29,719 [http-bio-8081-exec-9] [org.springframework.web.servlet.mvc.method.annotation.RequestMappingHandlerMapping]-[DEBUG] Looking up handler method for path /item/desc/150461016900930
2017-09-28 10:56:29,719 [http-bio-8081-exec-9] [org.springframework.web.servlet.mvc.method.annotation.RequestMappingHandlerMapping]-[DEBUG] Returning handler method [public com.taotao.common.utils.TaotaoResult com.taotao.rest.controller.ItemController.getItemDesc(java.lang.Long)]
2017-09-28 10:56:29,719 [http-bio-8081-exec-9] [org.springframework.beans.factory.support.DefaultListableBeanFactory]-[DEBUG] Returning cached instance of singleton bean 'itemController'
2017-09-28 10:56:29,720 [http-bio-8081-exec-9] [org.springframework.web.servlet.DispatcherServlet]-[DEBUG] Last-Modified value for [/rest/item/desc/150461016900930] is: -1
2017-09-28 10:56:29,723 [http-bio-8081-exec-9] [org.springframework.web.servlet.mvc.method.annotation.ResponseBodyAdviceChain]-[DEBUG] Invoking ResponseBodyAdvice chain for body=com.taotao.common.utils.TaotaoResult@60ec61fe
2017-09-28 10:56:29,723 [http-bio-8081-exec-9] [org.springframework.web.servlet.mvc.method.annotation.ResponseBodyAdviceChain]-[DEBUG] After ResponseBodyAdvice chain body=com.taotao.common.utils.TaotaoResult@60ec61fe
2017-09-28 10:56:29,724 [http-bio-8081-exec-9] [org.springframework.web.servlet.mvc.method.annotation.RequestResponseBodyMethodProcessor]-[DEBUG] Written [com.taotao.common.utils.TaotaoResult@60ec61fe] as "application/json;charset=UTF-8" using [org.springframework.http.converter.json.MappingJackson2HttpMessageConverter@6d863e9a]
2017-09-28 10:56:29,724 [http-bio-8081-exec-9] [org.springframework.web.servlet.DispatcherServlet]-[DEBUG] Null ModelAndView returned to DispatcherServlet with name 'taotao-manager': assuming HandlerAdapter completed request handling
2017-09-28 10:56:29,724 [http-bio-8081-exec-9] [org.springframework.web.servlet.DispatcherServlet]-[DEBUG] Successfully completed request
2017-09-28 10:58:05,674 [http-bio-8081-exec-1] [org.springframework.web.servlet.DispatcherServlet]-[DEBUG] DispatcherServlet with name 'taotao-manager' processing GET request for [/rest/item/info/150461016900930]
2017-09-28 10:58:05,674 [http-bio-8081-exec-1] [org.springframework.web.servlet.mvc.method.annotation.RequestMappingHandlerMapping]-[DEBUG] Looking up handler method for path /item/info/150461016900930
2017-09-28 10:58:05,674 [http-bio-8081-exec-1] [org.springframework.web.servlet.mvc.method.annotation.RequestMappingHandlerMapping]-[DEBUG] Returning handler method [public com.taotao.common.utils.TaotaoResult com.taotao.rest.controller.ItemController.getItemBaseInfo(java.lang.Long)]
2017-09-28 10:58:05,675 [http-bio-8081-exec-1] [org.springframework.beans.factory.support.DefaultListableBeanFactory]-[DEBUG] Returning cached instance of singleton bean 'itemController'
2017-09-28 10:58:05,675 [http-bio-8081-exec-1] [org.springframework.web.servlet.DispatcherServlet]-[DEBUG] Last-Modified value for [/rest/item/info/150461016900930] is: -1
2017-09-28 10:58:05,678 [http-bio-8081-exec-1] [org.springframework.web.servlet.mvc.method.annotation.ResponseBodyAdviceChain]-[DEBUG] Invoking ResponseBodyAdvice chain for body=com.taotao.common.utils.TaotaoResult@201b6173
2017-09-28 10:58:05,678 [http-bio-8081-exec-1] [org.springframework.web.servlet.mvc.method.annotation.ResponseBodyAdviceChain]-[DEBUG] After ResponseBodyAdvice chain body=com.taotao.common.utils.TaotaoResult@201b6173
2017-09-28 10:58:05,679 [http-bio-8081-exec-1] [org.springframework.web.servlet.mvc.method.annotation.RequestResponseBodyMethodProcessor]-[DEBUG] Written [com.taotao.common.utils.TaotaoResult@201b6173] as "application/json;charset=UTF-8" using [org.springframework.http.converter.json.MappingJackson2HttpMessageConverter@6d863e9a]
2017-09-28 10:58:05,679 [http-bio-8081-exec-1] [org.springframework.web.servlet.DispatcherServlet]-[DEBUG] Null ModelAndView returned to DispatcherServlet with name 'taotao-manager': assuming HandlerAdapter completed request handling
2017-09-28 10:58:05,679 [http-bio-8081-exec-1] [org.springframework.web.servlet.DispatcherServlet]-[DEBUG] Successfully completed request
2017-09-28 10:58:07,292 [http-bio-8081-exec-3] [org.springframework.web.servlet.DispatcherServlet]-[DEBUG] DispatcherServlet with name 'taotao-manager' processing GET request for [/rest/item/desc/150461016900930]
2017-09-28 10:58:07,292 [http-bio-8081-exec-3] [org.springframework.web.servlet.mvc.method.annotation.RequestMappingHandlerMapping]-[DEBUG] Looking up handler method for path /item/desc/150461016900930
2017-09-28 10:58:07,293 [http-bio-8081-exec-3] [org.springframework.web.servlet.mvc.method.annotation.RequestMappingHandlerMapping]-[DEBUG] Returning handler method [public com.taotao.common.utils.TaotaoResult com.taotao.rest.controller.ItemController.getItemDesc(java.lang.Long)]
2017-09-28 10:58:07,293 [http-bio-8081-exec-3] [org.springframework.beans.factory.support.DefaultListableBeanFactory]-[DEBUG] Returning cached instance of singleton bean 'itemController'
2017-09-28 10:58:07,293 [http-bio-8081-exec-3] [org.springframework.web.servlet.DispatcherServlet]-[DEBUG] Last-Modified value for [/rest/item/desc/150461016900930] is: -1
2017-09-28 10:58:07,297 [http-bio-8081-exec-3] [org.springframework.web.servlet.mvc.method.annotation.ResponseBodyAdviceChain]-[DEBUG] Invoking ResponseBodyAdvice chain for body=com.taotao.common.utils.TaotaoResult@2adb6218
2017-09-28 10:58:07,297 [http-bio-8081-exec-3] [org.springframework.web.servlet.mvc.method.annotation.ResponseBodyAdviceChain]-[DEBUG] After ResponseBodyAdvice chain body=com.taotao.common.utils.TaotaoResult@2adb6218
2017-09-28 10:58:07,299 [http-bio-8081-exec-3] [org.springframework.web.servlet.mvc.method.annotation.RequestResponseBodyMethodProcessor]-[DEBUG] Written [com.taotao.common.utils.TaotaoResult@2adb6218] as "application/json;charset=UTF-8" using [org.springframework.http.converter.json.MappingJackson2HttpMessageConverter@6d863e9a]
2017-09-28 10:58:07,299 [http-bio-8081-exec-3] [org.springframework.web.servlet.DispatcherServlet]-[DEBUG] Null ModelAndView returned to DispatcherServlet with name 'taotao-manager': assuming HandlerAdapter completed request handling
2017-09-28 10:58:07,299 [http-bio-8081-exec-3] [org.springframework.web.servlet.DispatcherServlet]-[DEBUG] Successfully completed request
2017-09-28 11:01:09,659 [http-bio-8081-exec-5] [org.springframework.web.servlet.DispatcherServlet]-[DEBUG] DispatcherServlet with name 'taotao-manager' processing GET request for [/rest/item/info/974401]
2017-09-28 11:01:09,659 [http-bio-8081-exec-5] [org.springframework.web.servlet.mvc.method.annotation.RequestMappingHandlerMapping]-[DEBUG] Looking up handler method for path /item/info/974401
2017-09-28 11:01:09,659 [http-bio-8081-exec-5] [org.springframework.web.servlet.mvc.method.annotation.RequestMappingHandlerMapping]-[DEBUG] Returning handler method [public com.taotao.common.utils.TaotaoResult com.taotao.rest.controller.ItemController.getItemBaseInfo(java.lang.Long)]
2017-09-28 11:01:09,660 [http-bio-8081-exec-5] [org.springframework.beans.factory.support.DefaultListableBeanFactory]-[DEBUG] Returning cached instance of singleton bean 'itemController'
2017-09-28 11:01:09,660 [http-bio-8081-exec-5] [org.springframework.web.servlet.DispatcherServlet]-[DEBUG] Last-Modified value for [/rest/item/info/974401] is: -1
2017-09-28 11:01:09,662 [http-bio-8081-exec-5] [org.mybatis.spring.SqlSessionUtils]-[DEBUG] Creating a new SqlSession
2017-09-28 11:01:09,662 [http-bio-8081-exec-5] [org.mybatis.spring.SqlSessionUtils]-[DEBUG] Registering transaction synchronization for SqlSession [org.apache.ibatis.session.defaults.DefaultSqlSession@2dca5b4]
2017-09-28 11:01:09,662 [http-bio-8081-exec-5] [org.springframework.jdbc.datasource.DataSourceUtils]-[DEBUG] Fetching JDBC Connection from DataSource
2017-09-28 11:01:09,672 [http-bio-8081-exec-5] [org.springframework.jdbc.datasource.DataSourceUtils]-[DEBUG] Registering transaction synchronization for JDBC Connection
2017-09-28 11:01:09,672 [http-bio-8081-exec-5] [org.mybatis.spring.transaction.SpringManagedTransaction]-[DEBUG] JDBC Connection [com.mysql.jdbc.JDBC4Connection@3909dae4] will be managed by Spring
2017-09-28 11:01:09,672 [http-bio-8081-exec-5] [com.taotao.mapper.TbItemMapper.selectByPrimaryKey]-[DEBUG] ==>  Preparing: select id, title, sell_point, price, num, barcode, image, cid, status, created, updated from tb_item where id = ? 
2017-09-28 11:01:09,673 [http-bio-8081-exec-5] [com.taotao.mapper.TbItemMapper.selectByPrimaryKey]-[DEBUG] ==> Parameters: 974401(Long)
2017-09-28 11:01:09,675 [http-bio-8081-exec-5] [com.taotao.mapper.TbItemMapper.selectByPrimaryKey]-[DEBUG] <==      Total: 1
2017-09-28 11:01:09,676 [http-bio-8081-exec-5] [org.mybatis.spring.SqlSessionUtils]-[DEBUG] Releasing transactional SqlSession [org.apache.ibatis.session.defaults.DefaultSqlSession@2dca5b4]
2017-09-28 11:01:09,679 [http-bio-8081-exec-5] [org.mybatis.spring.SqlSessionUtils]-[DEBUG] Transaction synchronization deregistering SqlSession [org.apache.ibatis.session.defaults.DefaultSqlSession@2dca5b4]
2017-09-28 11:01:09,679 [http-bio-8081-exec-5] [org.mybatis.spring.SqlSessionUtils]-[DEBUG] Transaction synchronization closing SqlSession [org.apache.ibatis.session.defaults.DefaultSqlSession@2dca5b4]
2017-09-28 11:01:09,679 [http-bio-8081-exec-5] [org.springframework.jdbc.datasource.DataSourceUtils]-[DEBUG] Returning JDBC Connection to DataSource
2017-09-28 11:01:09,679 [http-bio-8081-exec-5] [org.springframework.web.servlet.mvc.method.annotation.ResponseBodyAdviceChain]-[DEBUG] Invoking ResponseBodyAdvice chain for body=com.taotao.common.utils.TaotaoResult@68b0bf7d
2017-09-28 11:01:09,679 [http-bio-8081-exec-5] [org.springframework.web.servlet.mvc.method.annotation.ResponseBodyAdviceChain]-[DEBUG] After ResponseBodyAdvice chain body=com.taotao.common.utils.TaotaoResult@68b0bf7d
2017-09-28 11:01:09,680 [http-bio-8081-exec-5] [org.springframework.web.servlet.mvc.method.annotation.RequestResponseBodyMethodProcessor]-[DEBUG] Written [com.taotao.common.utils.TaotaoResult@68b0bf7d] as "application/json;charset=UTF-8" using [org.springframework.http.converter.json.MappingJackson2HttpMessageConverter@6d863e9a]
2017-09-28 11:01:09,680 [http-bio-8081-exec-5] [org.springframework.web.servlet.DispatcherServlet]-[DEBUG] Null ModelAndView returned to DispatcherServlet with name 'taotao-manager': assuming HandlerAdapter completed request handling
2017-09-28 11:01:09,680 [http-bio-8081-exec-5] [org.springframework.web.servlet.DispatcherServlet]-[DEBUG] Successfully completed request
2017-09-28 11:01:11,530 [http-bio-8081-exec-8] [org.springframework.web.servlet.DispatcherServlet]-[DEBUG] DispatcherServlet with name 'taotao-manager' processing GET request for [/rest/item/desc/974401]
2017-09-28 11:01:11,530 [http-bio-8081-exec-8] [org.springframework.web.servlet.mvc.method.annotation.RequestMappingHandlerMapping]-[DEBUG] Looking up handler method for path /item/desc/974401
2017-09-28 11:01:11,531 [http-bio-8081-exec-8] [org.springframework.web.servlet.mvc.method.annotation.RequestMappingHandlerMapping]-[DEBUG] Returning handler method [public com.taotao.common.utils.TaotaoResult com.taotao.rest.controller.ItemController.getItemDesc(java.lang.Long)]
2017-09-28 11:01:11,531 [http-bio-8081-exec-8] [org.springframework.beans.factory.support.DefaultListableBeanFactory]-[DEBUG] Returning cached instance of singleton bean 'itemController'
2017-09-28 11:01:11,531 [http-bio-8081-exec-8] [org.springframework.web.servlet.DispatcherServlet]-[DEBUG] Last-Modified value for [/rest/item/desc/974401] is: -1
2017-09-28 11:01:11,535 [http-bio-8081-exec-8] [org.mybatis.spring.SqlSessionUtils]-[DEBUG] Creating a new SqlSession
2017-09-28 11:01:11,535 [http-bio-8081-exec-8] [org.mybatis.spring.SqlSessionUtils]-[DEBUG] Registering transaction synchronization for SqlSession [org.apache.ibatis.session.defaults.DefaultSqlSession@1cde3af7]
2017-09-28 11:01:11,535 [http-bio-8081-exec-8] [org.springframework.jdbc.datasource.DataSourceUtils]-[DEBUG] Fetching JDBC Connection from DataSource
2017-09-28 11:01:11,535 [http-bio-8081-exec-8] [org.springframework.jdbc.datasource.DataSourceUtils]-[DEBUG] Registering transaction synchronization for JDBC Connection
2017-09-28 11:01:11,535 [http-bio-8081-exec-8] [org.mybatis.spring.transaction.SpringManagedTransaction]-[DEBUG] JDBC Connection [com.mysql.jdbc.JDBC4Connection@3909dae4] will be managed by Spring
2017-09-28 11:01:11,536 [http-bio-8081-exec-8] [com.taotao.mapper.TbItemDescMapper.selectByPrimaryKey]-[DEBUG] ==>  Preparing: select item_id, created, updated , item_desc from tb_item_desc where item_id = ? 
2017-09-28 11:01:11,536 [http-bio-8081-exec-8] [com.taotao.mapper.TbItemDescMapper.selectByPrimaryKey]-[DEBUG] ==> Parameters: 974401(Long)
2017-09-28 11:01:11,540 [http-bio-8081-exec-8] [com.taotao.mapper.TbItemDescMapper.selectByPrimaryKey]-[DEBUG] <==      Total: 1
2017-09-28 11:01:11,540 [http-bio-8081-exec-8] [org.mybatis.spring.SqlSessionUtils]-[DEBUG] Releasing transactional SqlSession [org.apache.ibatis.session.defaults.DefaultSqlSession@1cde3af7]
2017-09-28 11:01:11,559 [http-bio-8081-exec-8] [org.mybatis.spring.SqlSessionUtils]-[DEBUG] Transaction synchronization deregistering SqlSession [org.apache.ibatis.session.defaults.DefaultSqlSession@1cde3af7]
2017-09-28 11:01:11,559 [http-bio-8081-exec-8] [org.mybatis.spring.SqlSessionUtils]-[DEBUG] Transaction synchronization closing SqlSession [org.apache.ibatis.session.defaults.DefaultSqlSession@1cde3af7]
2017-09-28 11:01:11,560 [http-bio-8081-exec-8] [org.springframework.jdbc.datasource.DataSourceUtils]-[DEBUG] Returning JDBC Connection to DataSource
2017-09-28 11:01:11,560 [http-bio-8081-exec-8] [org.springframework.web.servlet.mvc.method.annotation.ResponseBodyAdviceChain]-[DEBUG] Invoking ResponseBodyAdvice chain for body=com.taotao.common.utils.TaotaoResult@468b6da9
2017-09-28 11:01:11,560 [http-bio-8081-exec-8] [org.springframework.web.servlet.mvc.method.annotation.ResponseBodyAdviceChain]-[DEBUG] After ResponseBodyAdvice chain body=com.taotao.common.utils.TaotaoResult@468b6da9
2017-09-28 11:01:11,574 [http-bio-8081-exec-8] [org.springframework.web.servlet.mvc.method.annotation.RequestResponseBodyMethodProcessor]-[DEBUG] Written [com.taotao.common.utils.TaotaoResult@468b6da9] as "application/json;charset=UTF-8" using [org.springframework.http.converter.json.MappingJackson2HttpMessageConverter@6d863e9a]
2017-09-28 11:01:11,575 [http-bio-8081-exec-8] [org.springframework.web.servlet.DispatcherServlet]-[DEBUG] Null ModelAndView returned to DispatcherServlet with name 'taotao-manager': assuming HandlerAdapter completed request handling
2017-09-28 11:01:11,575 [http-bio-8081-exec-8] [org.springframework.web.servlet.DispatcherServlet]-[DEBUG] Successfully completed request
2017-09-28 11:01:12,691 [http-bio-8081-exec-10] [org.springframework.web.servlet.DispatcherServlet]-[DEBUG] DispatcherServlet with name 'taotao-manager' processing GET request for [/rest/item/info/974401]
2017-09-28 11:01:12,691 [http-bio-8081-exec-10] [org.springframework.web.servlet.mvc.method.annotation.RequestMappingHandlerMapping]-[DEBUG] Looking up handler method for path /item/info/974401
2017-09-28 11:01:12,692 [http-bio-8081-exec-10] [org.springframework.web.servlet.mvc.method.annotation.RequestMappingHandlerMapping]-[DEBUG] Returning handler method [public com.taotao.common.utils.TaotaoResult com.taotao.rest.controller.ItemController.getItemBaseInfo(java.lang.Long)]
2017-09-28 11:01:12,692 [http-bio-8081-exec-10] [org.springframework.beans.factory.support.DefaultListableBeanFactory]-[DEBUG] Returning cached instance of singleton bean 'itemController'
2017-09-28 11:01:12,692 [http-bio-8081-exec-10] [org.springframework.web.servlet.DispatcherServlet]-[DEBUG] Last-Modified value for [/rest/item/info/974401] is: -1
2017-09-28 11:01:12,718 [http-bio-8081-exec-10] [org.springframework.web.servlet.mvc.method.annotation.ResponseBodyAdviceChain]-[DEBUG] Invoking ResponseBodyAdvice chain for body=com.taotao.common.utils.TaotaoResult@41295021
2017-09-28 11:01:12,718 [http-bio-8081-exec-10] [org.springframework.web.servlet.mvc.method.annotation.ResponseBodyAdviceChain]-[DEBUG] After ResponseBodyAdvice chain body=com.taotao.common.utils.TaotaoResult@41295021
2017-09-28 11:01:12,719 [http-bio-8081-exec-10] [org.springframework.web.servlet.mvc.method.annotation.RequestResponseBodyMethodProcessor]-[DEBUG] Written [com.taotao.common.utils.TaotaoResult@41295021] as "application/json;charset=UTF-8" using [org.springframework.http.converter.json.MappingJackson2HttpMessageConverter@6d863e9a]
2017-09-28 11:01:12,719 [http-bio-8081-exec-10] [org.springframework.web.servlet.DispatcherServlet]-[DEBUG] Null ModelAndView returned to DispatcherServlet with name 'taotao-manager': assuming HandlerAdapter completed request handling
2017-09-28 11:01:12,719 [http-bio-8081-exec-10] [org.springframework.web.servlet.DispatcherServlet]-[DEBUG] Successfully completed request
